<?xml version="1.0" encoding="UTF-8"?>
<!-- Generated by org.testng.reporters.JUnitXMLReporter -->
<testsuite ignored="0" hostname="QT-INBG-LT1954" failures="0" tests="12" name="Test" time="59.977" errors="0" timestamp="2022-09-16T18:22:54 IST">
  <testcase classname="SignIn" name="signinginA" time="6.38"/>
  <testcase classname="SignIn" name="signinginB" time="4.363"/>
  <testcase classname="SignIn" name="signinginC" time="4.215"/>
  <testcase classname="SignIn" name="signinginD" time="4.227"/>
  <testcase classname="SignIn" name="signinginE" time="4.458"/>
  <testcase classname="SignIn" name="signinginF" time="4.367"/>
  <testcase classname="SignIn" name="signinginG" time="5.059"/>
  <testcase classname="SignIn" name="signinginH" time="4.355"/>
  <testcase classname="SignIn" name="signinginI" time="5.026"/>
  <testcase classname="SignIn" name="signinginJ" time="4.259"/>
  <testcase classname="SignUp" name="register" time="2.916"/>
  <testcase classname="ContactUs" name="send1" time="10.307"/>
</testsuite> <!-- Test -->
