<?xml version="1.0" encoding="UTF-8"?>
<testng-results ignored="0" total="18" passed="15" failed="3" skipped="0">
  <reporter-output>
  </reporter-output>
  <suite started-at="2022-09-19T18:26:29 IST" name="Default suite" finished-at="2022-09-19T18:28:07 IST" duration-ms="98593">
    <groups>
    </groups>
    <test started-at="2022-09-19T18:26:29 IST" name="Default test" finished-at="2022-09-19T18:28:07 IST" duration-ms="98593">
      <class name="SignUp">
        <test-method is-config="true" signature="verify()[pri:0, instance:SignUp@429bffaa]" started-at="2022-09-19T18:26:29 IST" name="verify" finished-at="2022-09-19T18:26:35 IST" duration-ms="6828" status="PASS">
          <reporter-output>
          </reporter-output>
        </test-method> <!-- verify -->
        <test-method signature="testdata(java.lang.String,java.lang.String,java.lang.String,java.lang.String,java.lang.String,java.lang.String,java.lang.String)[pri:0, instance:SignUp@429bffaa]" started-at="2022-09-19T18:26:35 IST" name="testdata" data-provider="datasets" finished-at="2022-09-19T18:26:36 IST" duration-ms="745" status="PASS">
          <params>
            <param index="0">
              <value>
                <![CDATA[sri]]>
              </value>
            </param>
            <param index="1">
              <value>
                <![CDATA[ram]]>
              </value>
            </param>
            <param index="2">
              <value>
                <![CDATA[sri@gmail.com]]>
              </value>
            </param>
            <param index="3">
              <value>
                <![CDATA[sri@123]]>
              </value>
            </param>
            <param index="4">
              <value>
                <![CDATA[1234567898]]>
              </value>
            </param>
            <param index="5">
              <value>
                <![CDATA[12/12/2022]]>
              </value>
            </param>
            <param index="6">
              <value>
                <![CDATA[qwertyuiopasrifghjkl]]>
              </value>
            </param>
          </params>
          <reporter-output>
          </reporter-output>
        </test-method> <!-- testdata -->
        <test-method is-config="true" signature="verify()[pri:0, instance:SignUp@429bffaa]" started-at="2022-09-19T18:26:36 IST" name="verify" finished-at="2022-09-19T18:26:42 IST" duration-ms="5339" status="PASS">
          <reporter-output>
          </reporter-output>
        </test-method> <!-- verify -->
        <test-method signature="testdata(java.lang.String,java.lang.String,java.lang.String,java.lang.String,java.lang.String,java.lang.String,java.lang.String)[pri:0, instance:SignUp@429bffaa]" started-at="2022-09-19T18:26:42 IST" name="testdata" data-provider="datasets" finished-at="2022-09-19T18:26:42 IST" duration-ms="740" status="PASS">
          <params>
            <param index="0">
              <value>
                <![CDATA[abckhdabckabsrikbasab]]>
              </value>
            </param>
            <param index="1">
              <value>
                <![CDATA[ram]]>
              </value>
            </param>
            <param index="2">
              <value>
                <![CDATA[sri@gmail.com]]>
              </value>
            </param>
            <param index="3">
              <value>
                <![CDATA[sri@123]]>
              </value>
            </param>
            <param index="4">
              <value>
                <![CDATA[]]>
              </value>
            </param>
            <param index="5">
              <value>
                <![CDATA[12/12/2022]]>
              </value>
            </param>
            <param index="6">
              <value>
                <![CDATA[qwertyuiopasrifghjkl]]>
              </value>
            </param>
          </params>
          <reporter-output>
          </reporter-output>
        </test-method> <!-- testdata -->
        <test-method is-config="true" signature="verify()[pri:0, instance:SignUp@429bffaa]" started-at="2022-09-19T18:26:42 IST" name="verify" finished-at="2022-09-19T18:26:47 IST" duration-ms="4429" status="PASS">
          <reporter-output>
          </reporter-output>
        </test-method> <!-- verify -->
        <test-method signature="testdata(java.lang.String,java.lang.String,java.lang.String,java.lang.String,java.lang.String,java.lang.String,java.lang.String)[pri:0, instance:SignUp@429bffaa]" started-at="2022-09-19T18:26:47 IST" name="testdata" data-provider="datasets" finished-at="2022-09-19T18:26:47 IST" duration-ms="729" status="PASS">
          <params>
            <param index="0">
              <value>
                <![CDATA[sri]]>
              </value>
            </param>
            <param index="1">
              <value>
                <![CDATA[ram]]>
              </value>
            </param>
            <param index="2">
              <value>
                <![CDATA[sri@gmail.com]]>
              </value>
            </param>
            <param index="3">
              <value>
                <![CDATA[sri@123]]>
              </value>
            </param>
            <param index="4">
              <value>
                <![CDATA[1234567890]]>
              </value>
            </param>
            <param index="5">
              <value>
                <![CDATA[12/12/2022]]>
              </value>
            </param>
            <param index="6">
              <value>
                <![CDATA[qwertyuiopasrifghjkl]]>
              </value>
            </param>
          </params>
          <reporter-output>
          </reporter-output>
        </test-method> <!-- testdata -->
        <test-method is-config="true" signature="verify()[pri:0, instance:SignUp@429bffaa]" started-at="2022-09-19T18:26:47 IST" name="verify" finished-at="2022-09-19T18:26:52 IST" duration-ms="4530" status="PASS">
          <reporter-output>
          </reporter-output>
        </test-method> <!-- verify -->
        <test-method signature="testdata(java.lang.String,java.lang.String,java.lang.String,java.lang.String,java.lang.String,java.lang.String,java.lang.String)[pri:0, instance:SignUp@429bffaa]" started-at="2022-09-19T18:26:52 IST" name="testdata" data-provider="datasets" finished-at="2022-09-19T18:26:52 IST" duration-ms="514" status="FAIL">
          <params>
            <param index="0">
              <value>
                <![CDATA[sri]]>
              </value>
            </param>
            <param index="1">
              <value>
                <![CDATA[ram]]>
              </value>
            </param>
            <param index="2">
              <value>
                <![CDATA[srigmail.com]]>
              </value>
            </param>
            <param index="3">
              <value>
                <![CDATA[sri@123]]>
              </value>
            </param>
            <param index="4">
              <value>
                <![CDATA[1234567890]]>
              </value>
            </param>
            <param index="5">
              <value>
                <![CDATA[12/12/2022]]>
              </value>
            </param>
            <param index="6">
              <value>
                <![CDATA[qwertyuiopasrifghjkl]]>
              </value>
            </param>
          </params>
          <exception class="org.openqa.selenium.NoAlertPresentException">
            <message>
              <![CDATA[no such alert
  (Session info: chrome=105.0.5195.127)
Build info: version: '4.4.0', revision: 'e5c75ed026a'
System info: host: 'QT-INBG-LT1954', ip: '10.20.15.144', os.name: 'Windows 10', os.arch: 'amd64', os.version: '10.0', java.version: '11.0.16'
Driver info: org.openqa.selenium.chrome.ChromeDriver
Command: [d717dd9082ee9eead1cd09a97e5997b6, getAlertText {}]
Capabilities {acceptInsecureCerts: false, browserName: chrome, browserVersion: 105.0.5195.127, chrome: {chromedriverVersion: 105.0.5195.52 (412c95e51883..., userDataDir: C:\Users\RAJESW~1.PS\AppDat...}, goog:chromeOptions: {debuggerAddress: localhost:63795}, networkConnectionEnabled: false, pageLoadStrategy: normal, platformName: WINDOWS, proxy: Proxy(), se:cdp: ws://localhost:63795/devtoo..., se:cdpVersion: 105.0.5195.127, setWindowRect: true, strictFileInteractability: false, timeouts: {implicit: 0, pageLoad: 300000, script: 30000}, unhandledPromptBehavior: dismiss and notify, webauthn:extension:credBlob: true, webauthn:extension:largeBlob: true, webauthn:virtualAuthenticators: true}
Session ID: d717dd9082ee9eead1cd09a97e5997b6]]>
            </message>
            <full-stacktrace>
              <![CDATA[org.openqa.selenium.NoAlertPresentException: no such alert
  (Session info: chrome=105.0.5195.127)
Build info: version: '4.4.0', revision: 'e5c75ed026a'
System info: host: 'QT-INBG-LT1954', ip: '10.20.15.144', os.name: 'Windows 10', os.arch: 'amd64', os.version: '10.0', java.version: '11.0.16'
Driver info: org.openqa.selenium.chrome.ChromeDriver
Command: [d717dd9082ee9eead1cd09a97e5997b6, getAlertText {}]
Capabilities {acceptInsecureCerts: false, browserName: chrome, browserVersion: 105.0.5195.127, chrome: {chromedriverVersion: 105.0.5195.52 (412c95e51883..., userDataDir: C:\Users\RAJESW~1.PS\AppDat...}, goog:chromeOptions: {debuggerAddress: localhost:63795}, networkConnectionEnabled: false, pageLoadStrategy: normal, platformName: WINDOWS, proxy: Proxy(), se:cdp: ws://localhost:63795/devtoo..., se:cdpVersion: 105.0.5195.127, setWindowRect: true, strictFileInteractability: false, timeouts: {implicit: 0, pageLoad: 300000, script: 30000}, unhandledPromptBehavior: dismiss and notify, webauthn:extension:credBlob: true, webauthn:extension:largeBlob: true, webauthn:virtualAuthenticators: true}
Session ID: d717dd9082ee9eead1cd09a97e5997b6
at java.base/jdk.internal.reflect.NativeConstructorAccessorImpl.newInstance0(Native Method)
at java.base/jdk.internal.reflect.NativeConstructorAccessorImpl.newInstance(NativeConstructorAccessorImpl.java:62)
at java.base/jdk.internal.reflect.DelegatingConstructorAccessorImpl.newInstance(DelegatingConstructorAccessorImpl.java:45)
at java.base/java.lang.reflect.Constructor.newInstance(Constructor.java:490)
at org.openqa.selenium.remote.codec.w3c.W3CHttpResponseCodec.createException(W3CHttpResponseCodec.java:200)
at org.openqa.selenium.remote.codec.w3c.W3CHttpResponseCodec.decode(W3CHttpResponseCodec.java:133)
at org.openqa.selenium.remote.codec.w3c.W3CHttpResponseCodec.decode(W3CHttpResponseCodec.java:53)
at org.openqa.selenium.remote.HttpCommandExecutor.execute(HttpCommandExecutor.java:184)
at org.openqa.selenium.remote.service.DriverCommandExecutor.invokeExecute(DriverCommandExecutor.java:167)
at org.openqa.selenium.remote.service.DriverCommandExecutor.execute(DriverCommandExecutor.java:142)
at org.openqa.selenium.remote.RemoteWebDriver.execute(RemoteWebDriver.java:547)
at org.openqa.selenium.remote.RemoteWebDriver.execute(RemoteWebDriver.java:602)
at org.openqa.selenium.remote.RemoteWebDriver.execute(RemoteWebDriver.java:606)
at org.openqa.selenium.remote.RemoteWebDriver$RemoteTargetLocator.alert(RemoteWebDriver.java:1128)
at SignUp.testdata(SignUp.java:41)
at java.base/jdk.internal.reflect.NativeMethodAccessorImpl.invoke0(Native Method)
at java.base/jdk.internal.reflect.NativeMethodAccessorImpl.invoke(NativeMethodAccessorImpl.java:62)
at java.base/jdk.internal.reflect.DelegatingMethodAccessorImpl.invoke(DelegatingMethodAccessorImpl.java:43)
at java.base/java.lang.reflect.Method.invoke(Method.java:566)
at org.testng.internal.MethodInvocationHelper.invokeMethod(MethodInvocationHelper.java:133)
at org.testng.internal.TestInvoker.invokeMethod(TestInvoker.java:598)
at org.testng.internal.TestInvoker.invokeTestMethod(TestInvoker.java:173)
at org.testng.internal.MethodRunner.runInSequence(MethodRunner.java:46)
at org.testng.internal.TestInvoker$MethodInvocationAgent.invoke(TestInvoker.java:824)
at org.testng.internal.TestInvoker.invokeTestMethods(TestInvoker.java:146)
at org.testng.internal.TestMethodWorker.invokeTestMethods(TestMethodWorker.java:146)
at org.testng.internal.TestMethodWorker.run(TestMethodWorker.java:128)
at java.base/java.util.ArrayList.forEach(ArrayList.java:1541)
at org.testng.TestRunner.privateRun(TestRunner.java:794)
at org.testng.TestRunner.run(TestRunner.java:596)
at org.testng.SuiteRunner.runTest(SuiteRunner.java:377)
at org.testng.SuiteRunner.runSequentially(SuiteRunner.java:371)
at org.testng.SuiteRunner.privateRun(SuiteRunner.java:332)
at org.testng.SuiteRunner.run(SuiteRunner.java:276)
at org.testng.SuiteRunnerWorker.runSuite(SuiteRunnerWorker.java:53)
at org.testng.SuiteRunnerWorker.run(SuiteRunnerWorker.java:96)
at org.testng.TestNG.runSuitesSequentially(TestNG.java:1212)
at org.testng.TestNG.runSuitesLocally(TestNG.java:1134)
at org.testng.TestNG.runSuites(TestNG.java:1063)
at org.testng.TestNG.run(TestNG.java:1031)
at org.testng.remote.AbstractRemoteTestNG.run(AbstractRemoteTestNG.java:115)
at org.testng.remote.RemoteTestNG.initAndRun(RemoteTestNG.java:251)
at org.testng.remote.RemoteTestNG.main(RemoteTestNG.java:77)
]]>
            </full-stacktrace>
          </exception> <!-- org.openqa.selenium.NoAlertPresentException -->
          <reporter-output>
          </reporter-output>
        </test-method> <!-- testdata -->
        <test-method is-config="true" signature="verify()[pri:0, instance:SignUp@429bffaa]" started-at="2022-09-19T18:26:52 IST" name="verify" finished-at="2022-09-19T18:26:57 IST" duration-ms="4634" status="PASS">
          <reporter-output>
          </reporter-output>
        </test-method> <!-- verify -->
        <test-method signature="testdata(java.lang.String,java.lang.String,java.lang.String,java.lang.String,java.lang.String,java.lang.String,java.lang.String)[pri:0, instance:SignUp@429bffaa]" started-at="2022-09-19T18:26:57 IST" name="testdata" data-provider="datasets" finished-at="2022-09-19T18:26:58 IST" duration-ms="870" status="PASS">
          <params>
            <param index="0">
              <value>
                <![CDATA[sri]]>
              </value>
            </param>
            <param index="1">
              <value>
                <![CDATA[aabcdefghijklmnopqrs]]>
              </value>
            </param>
            <param index="2">
              <value>
                <![CDATA[sri@gmail.com]]>
              </value>
            </param>
            <param index="3">
              <value>
                <![CDATA[sri@123]]>
              </value>
            </param>
            <param index="4">
              <value>
                <![CDATA[1234567898]]>
              </value>
            </param>
            <param index="5">
              <value>
                <![CDATA[12/12/2022]]>
              </value>
            </param>
            <param index="6">
              <value>
                <![CDATA[qwertyuiopasrifghjkl]]>
              </value>
            </param>
          </params>
          <reporter-output>
          </reporter-output>
        </test-method> <!-- testdata -->
        <test-method is-config="true" signature="verify()[pri:0, instance:SignUp@429bffaa]" started-at="2022-09-19T18:26:58 IST" name="verify" finished-at="2022-09-19T18:27:02 IST" duration-ms="4484" status="PASS">
          <reporter-output>
          </reporter-output>
        </test-method> <!-- verify -->
        <test-method signature="testdata(java.lang.String,java.lang.String,java.lang.String,java.lang.String,java.lang.String,java.lang.String,java.lang.String)[pri:0, instance:SignUp@429bffaa]" started-at="2022-09-19T18:27:02 IST" name="testdata" data-provider="datasets" finished-at="2022-09-19T18:27:03 IST" duration-ms="754" status="PASS">
          <params>
            <param index="0">
              <value>
                <![CDATA[sri]]>
              </value>
            </param>
            <param index="1">
              <value>
                <![CDATA[ram]]>
              </value>
            </param>
            <param index="2">
              <value>
                <![CDATA[sri@gmail.com]]>
              </value>
            </param>
            <param index="3">
              <value>
                <![CDATA[sri@123]]>
              </value>
            </param>
            <param index="4">
              <value>
                <![CDATA[1234567898]]>
              </value>
            </param>
            <param index="5">
              <value>
                <![CDATA[12/12/2022]]>
              </value>
            </param>
            <param index="6">
              <value>
                <![CDATA[qwertyuiopasrifghjkl]]>
              </value>
            </param>
          </params>
          <reporter-output>
          </reporter-output>
        </test-method> <!-- testdata -->
        <test-method is-config="true" signature="verify()[pri:0, instance:SignUp@429bffaa]" started-at="2022-09-19T18:27:03 IST" name="verify" finished-at="2022-09-19T18:27:08 IST" duration-ms="4908" status="PASS">
          <reporter-output>
          </reporter-output>
        </test-method> <!-- verify -->
        <test-method signature="testdata(java.lang.String,java.lang.String,java.lang.String,java.lang.String,java.lang.String,java.lang.String,java.lang.String)[pri:0, instance:SignUp@429bffaa]" started-at="2022-09-19T18:27:08 IST" name="testdata" data-provider="datasets" finished-at="2022-09-19T18:27:09 IST" duration-ms="516" status="FAIL">
          <params>
            <param index="0">
              <value>
                <![CDATA[sri]]>
              </value>
            </param>
            <param index="1">
              <value>
                <![CDATA[sri]]>
              </value>
            </param>
            <param index="2">
              <value>
                <![CDATA[sri@gmail]]>
              </value>
            </param>
            <param index="3">
              <value>
                <![CDATA[sri]]>
              </value>
            </param>
            <param index="4">
              <value>
                <![CDATA[dfghggffd]]>
              </value>
            </param>
            <param index="5">
              <value>
                <![CDATA[05/20/2000]]>
              </value>
            </param>
            <param index="6">
              <value>
                <![CDATA[]]>
              </value>
            </param>
          </params>
          <exception class="org.openqa.selenium.NoAlertPresentException">
            <message>
              <![CDATA[no such alert
  (Session info: chrome=105.0.5195.127)
Build info: version: '4.4.0', revision: 'e5c75ed026a'
System info: host: 'QT-INBG-LT1954', ip: '10.20.15.144', os.name: 'Windows 10', os.arch: 'amd64', os.version: '10.0', java.version: '11.0.16'
Driver info: org.openqa.selenium.chrome.ChromeDriver
Command: [7c3e88e0e76170b36b4733f400f9d68d, getAlertText {}]
Capabilities {acceptInsecureCerts: false, browserName: chrome, browserVersion: 105.0.5195.127, chrome: {chromedriverVersion: 105.0.5195.52 (412c95e51883..., userDataDir: C:\Users\RAJESW~1.PS\AppDat...}, goog:chromeOptions: {debuggerAddress: localhost:63902}, networkConnectionEnabled: false, pageLoadStrategy: normal, platformName: WINDOWS, proxy: Proxy(), se:cdp: ws://localhost:63902/devtoo..., se:cdpVersion: 105.0.5195.127, setWindowRect: true, strictFileInteractability: false, timeouts: {implicit: 0, pageLoad: 300000, script: 30000}, unhandledPromptBehavior: dismiss and notify, webauthn:extension:credBlob: true, webauthn:extension:largeBlob: true, webauthn:virtualAuthenticators: true}
Session ID: 7c3e88e0e76170b36b4733f400f9d68d]]>
            </message>
            <full-stacktrace>
              <![CDATA[org.openqa.selenium.NoAlertPresentException: no such alert
  (Session info: chrome=105.0.5195.127)
Build info: version: '4.4.0', revision: 'e5c75ed026a'
System info: host: 'QT-INBG-LT1954', ip: '10.20.15.144', os.name: 'Windows 10', os.arch: 'amd64', os.version: '10.0', java.version: '11.0.16'
Driver info: org.openqa.selenium.chrome.ChromeDriver
Command: [7c3e88e0e76170b36b4733f400f9d68d, getAlertText {}]
Capabilities {acceptInsecureCerts: false, browserName: chrome, browserVersion: 105.0.5195.127, chrome: {chromedriverVersion: 105.0.5195.52 (412c95e51883..., userDataDir: C:\Users\RAJESW~1.PS\AppDat...}, goog:chromeOptions: {debuggerAddress: localhost:63902}, networkConnectionEnabled: false, pageLoadStrategy: normal, platformName: WINDOWS, proxy: Proxy(), se:cdp: ws://localhost:63902/devtoo..., se:cdpVersion: 105.0.5195.127, setWindowRect: true, strictFileInteractability: false, timeouts: {implicit: 0, pageLoad: 300000, script: 30000}, unhandledPromptBehavior: dismiss and notify, webauthn:extension:credBlob: true, webauthn:extension:largeBlob: true, webauthn:virtualAuthenticators: true}
Session ID: 7c3e88e0e76170b36b4733f400f9d68d
at java.base/jdk.internal.reflect.NativeConstructorAccessorImpl.newInstance0(Native Method)
at java.base/jdk.internal.reflect.NativeConstructorAccessorImpl.newInstance(NativeConstructorAccessorImpl.java:62)
at java.base/jdk.internal.reflect.DelegatingConstructorAccessorImpl.newInstance(DelegatingConstructorAccessorImpl.java:45)
at java.base/java.lang.reflect.Constructor.newInstance(Constructor.java:490)
at org.openqa.selenium.remote.codec.w3c.W3CHttpResponseCodec.createException(W3CHttpResponseCodec.java:200)
at org.openqa.selenium.remote.codec.w3c.W3CHttpResponseCodec.decode(W3CHttpResponseCodec.java:133)
at org.openqa.selenium.remote.codec.w3c.W3CHttpResponseCodec.decode(W3CHttpResponseCodec.java:53)
at org.openqa.selenium.remote.HttpCommandExecutor.execute(HttpCommandExecutor.java:184)
at org.openqa.selenium.remote.service.DriverCommandExecutor.invokeExecute(DriverCommandExecutor.java:167)
at org.openqa.selenium.remote.service.DriverCommandExecutor.execute(DriverCommandExecutor.java:142)
at org.openqa.selenium.remote.RemoteWebDriver.execute(RemoteWebDriver.java:547)
at org.openqa.selenium.remote.RemoteWebDriver.execute(RemoteWebDriver.java:602)
at org.openqa.selenium.remote.RemoteWebDriver.execute(RemoteWebDriver.java:606)
at org.openqa.selenium.remote.RemoteWebDriver$RemoteTargetLocator.alert(RemoteWebDriver.java:1128)
at SignUp.testdata(SignUp.java:41)
at java.base/jdk.internal.reflect.NativeMethodAccessorImpl.invoke0(Native Method)
at java.base/jdk.internal.reflect.NativeMethodAccessorImpl.invoke(NativeMethodAccessorImpl.java:62)
at java.base/jdk.internal.reflect.DelegatingMethodAccessorImpl.invoke(DelegatingMethodAccessorImpl.java:43)
at java.base/java.lang.reflect.Method.invoke(Method.java:566)
at org.testng.internal.MethodInvocationHelper.invokeMethod(MethodInvocationHelper.java:133)
at org.testng.internal.TestInvoker.invokeMethod(TestInvoker.java:598)
at org.testng.internal.TestInvoker.invokeTestMethod(TestInvoker.java:173)
at org.testng.internal.MethodRunner.runInSequence(MethodRunner.java:46)
at org.testng.internal.TestInvoker$MethodInvocationAgent.invoke(TestInvoker.java:824)
at org.testng.internal.TestInvoker.invokeTestMethods(TestInvoker.java:146)
at org.testng.internal.TestMethodWorker.invokeTestMethods(TestMethodWorker.java:146)
at org.testng.internal.TestMethodWorker.run(TestMethodWorker.java:128)
at java.base/java.util.ArrayList.forEach(ArrayList.java:1541)
at org.testng.TestRunner.privateRun(TestRunner.java:794)
at org.testng.TestRunner.run(TestRunner.java:596)
at org.testng.SuiteRunner.runTest(SuiteRunner.java:377)
at org.testng.SuiteRunner.runSequentially(SuiteRunner.java:371)
at org.testng.SuiteRunner.privateRun(SuiteRunner.java:332)
at org.testng.SuiteRunner.run(SuiteRunner.java:276)
at org.testng.SuiteRunnerWorker.runSuite(SuiteRunnerWorker.java:53)
at org.testng.SuiteRunnerWorker.run(SuiteRunnerWorker.java:96)
at org.testng.TestNG.runSuitesSequentially(TestNG.java:1212)
at org.testng.TestNG.runSuitesLocally(TestNG.java:1134)
at org.testng.TestNG.runSuites(TestNG.java:1063)
at org.testng.TestNG.run(TestNG.java:1031)
at org.testng.remote.AbstractRemoteTestNG.run(AbstractRemoteTestNG.java:115)
at org.testng.remote.RemoteTestNG.initAndRun(RemoteTestNG.java:251)
at org.testng.remote.RemoteTestNG.main(RemoteTestNG.java:77)
]]>
            </full-stacktrace>
          </exception> <!-- org.openqa.selenium.NoAlertPresentException -->
          <reporter-output>
          </reporter-output>
        </test-method> <!-- testdata -->
        <test-method is-config="true" signature="verify()[pri:0, instance:SignUp@429bffaa]" started-at="2022-09-19T18:27:09 IST" name="verify" finished-at="2022-09-19T18:27:13 IST" duration-ms="4613" status="PASS">
          <reporter-output>
          </reporter-output>
        </test-method> <!-- verify -->
        <test-method signature="testdata(java.lang.String,java.lang.String,java.lang.String,java.lang.String,java.lang.String,java.lang.String,java.lang.String)[pri:0, instance:SignUp@429bffaa]" started-at="2022-09-19T18:27:13 IST" name="testdata" data-provider="datasets" finished-at="2022-09-19T18:27:14 IST" duration-ms="820" status="PASS">
          <params>
            <param index="0">
              <value>
                <![CDATA[sri]]>
              </value>
            </param>
            <param index="1">
              <value>
                <![CDATA[ram]]>
              </value>
            </param>
            <param index="2">
              <value>
                <![CDATA[sri@gmail.com]]>
              </value>
            </param>
            <param index="3">
              <value>
                <![CDATA[ram@123]]>
              </value>
            </param>
            <param index="4">
              <value>
                <![CDATA[123445566666]]>
              </value>
            </param>
            <param index="5">
              <value>
                <![CDATA[05/20/2022]]>
              </value>
            </param>
            <param index="6">
              <value>
                <![CDATA[hai]]>
              </value>
            </param>
          </params>
          <reporter-output>
          </reporter-output>
        </test-method> <!-- testdata -->
        <test-method is-config="true" signature="verify()[pri:0, instance:SignUp@429bffaa]" started-at="2022-09-19T18:27:14 IST" name="verify" finished-at="2022-09-19T18:27:19 IST" duration-ms="4545" status="PASS">
          <reporter-output>
          </reporter-output>
        </test-method> <!-- verify -->
        <test-method signature="testdata(java.lang.String,java.lang.String,java.lang.String,java.lang.String,java.lang.String,java.lang.String,java.lang.String)[pri:0, instance:SignUp@429bffaa]" started-at="2022-09-19T18:27:19 IST" name="testdata" data-provider="datasets" finished-at="2022-09-19T18:27:19 IST" duration-ms="510" status="FAIL">
          <params>
            <param index="0">
              <value>
                <![CDATA[sri]]>
              </value>
            </param>
            <param index="1">
              <value>
                <![CDATA[ram]]>
              </value>
            </param>
            <param index="2">
              <value>
                <![CDATA[@gmail.com]]>
              </value>
            </param>
            <param index="3">
              <value>
                <![CDATA[ram@123]]>
              </value>
            </param>
            <param index="4">
              <value>
                <![CDATA[123445566666]]>
              </value>
            </param>
            <param index="5">
              <value>
                <![CDATA[05/20/2000]]>
              </value>
            </param>
            <param index="6">
              <value>
                <![CDATA[hai]]>
              </value>
            </param>
          </params>
          <exception class="org.openqa.selenium.NoAlertPresentException">
            <message>
              <![CDATA[no such alert
  (Session info: chrome=105.0.5195.127)
Build info: version: '4.4.0', revision: 'e5c75ed026a'
System info: host: 'QT-INBG-LT1954', ip: '10.20.15.144', os.name: 'Windows 10', os.arch: 'amd64', os.version: '10.0', java.version: '11.0.16'
Driver info: org.openqa.selenium.chrome.ChromeDriver
Command: [56566fa2600f39a6625f6d462738c1e6, getAlertText {}]
Capabilities {acceptInsecureCerts: false, browserName: chrome, browserVersion: 105.0.5195.127, chrome: {chromedriverVersion: 105.0.5195.52 (412c95e51883..., userDataDir: C:\Users\RAJESW~1.PS\AppDat...}, goog:chromeOptions: {debuggerAddress: localhost:63974}, networkConnectionEnabled: false, pageLoadStrategy: normal, platformName: WINDOWS, proxy: Proxy(), se:cdp: ws://localhost:63974/devtoo..., se:cdpVersion: 105.0.5195.127, setWindowRect: true, strictFileInteractability: false, timeouts: {implicit: 0, pageLoad: 300000, script: 30000}, unhandledPromptBehavior: dismiss and notify, webauthn:extension:credBlob: true, webauthn:extension:largeBlob: true, webauthn:virtualAuthenticators: true}
Session ID: 56566fa2600f39a6625f6d462738c1e6]]>
            </message>
            <full-stacktrace>
              <![CDATA[org.openqa.selenium.NoAlertPresentException: no such alert
  (Session info: chrome=105.0.5195.127)
Build info: version: '4.4.0', revision: 'e5c75ed026a'
System info: host: 'QT-INBG-LT1954', ip: '10.20.15.144', os.name: 'Windows 10', os.arch: 'amd64', os.version: '10.0', java.version: '11.0.16'
Driver info: org.openqa.selenium.chrome.ChromeDriver
Command: [56566fa2600f39a6625f6d462738c1e6, getAlertText {}]
Capabilities {acceptInsecureCerts: false, browserName: chrome, browserVersion: 105.0.5195.127, chrome: {chromedriverVersion: 105.0.5195.52 (412c95e51883..., userDataDir: C:\Users\RAJESW~1.PS\AppDat...}, goog:chromeOptions: {debuggerAddress: localhost:63974}, networkConnectionEnabled: false, pageLoadStrategy: normal, platformName: WINDOWS, proxy: Proxy(), se:cdp: ws://localhost:63974/devtoo..., se:cdpVersion: 105.0.5195.127, setWindowRect: true, strictFileInteractability: false, timeouts: {implicit: 0, pageLoad: 300000, script: 30000}, unhandledPromptBehavior: dismiss and notify, webauthn:extension:credBlob: true, webauthn:extension:largeBlob: true, webauthn:virtualAuthenticators: true}
Session ID: 56566fa2600f39a6625f6d462738c1e6
at java.base/jdk.internal.reflect.NativeConstructorAccessorImpl.newInstance0(Native Method)
at java.base/jdk.internal.reflect.NativeConstructorAccessorImpl.newInstance(NativeConstructorAccessorImpl.java:62)
at java.base/jdk.internal.reflect.DelegatingConstructorAccessorImpl.newInstance(DelegatingConstructorAccessorImpl.java:45)
at java.base/java.lang.reflect.Constructor.newInstance(Constructor.java:490)
at org.openqa.selenium.remote.codec.w3c.W3CHttpResponseCodec.createException(W3CHttpResponseCodec.java:200)
at org.openqa.selenium.remote.codec.w3c.W3CHttpResponseCodec.decode(W3CHttpResponseCodec.java:133)
at org.openqa.selenium.remote.codec.w3c.W3CHttpResponseCodec.decode(W3CHttpResponseCodec.java:53)
at org.openqa.selenium.remote.HttpCommandExecutor.execute(HttpCommandExecutor.java:184)
at org.openqa.selenium.remote.service.DriverCommandExecutor.invokeExecute(DriverCommandExecutor.java:167)
at org.openqa.selenium.remote.service.DriverCommandExecutor.execute(DriverCommandExecutor.java:142)
at org.openqa.selenium.remote.RemoteWebDriver.execute(RemoteWebDriver.java:547)
at org.openqa.selenium.remote.RemoteWebDriver.execute(RemoteWebDriver.java:602)
at org.openqa.selenium.remote.RemoteWebDriver.execute(RemoteWebDriver.java:606)
at org.openqa.selenium.remote.RemoteWebDriver$RemoteTargetLocator.alert(RemoteWebDriver.java:1128)
at SignUp.testdata(SignUp.java:41)
at java.base/jdk.internal.reflect.NativeMethodAccessorImpl.invoke0(Native Method)
at java.base/jdk.internal.reflect.NativeMethodAccessorImpl.invoke(NativeMethodAccessorImpl.java:62)
at java.base/jdk.internal.reflect.DelegatingMethodAccessorImpl.invoke(DelegatingMethodAccessorImpl.java:43)
at java.base/java.lang.reflect.Method.invoke(Method.java:566)
at org.testng.internal.MethodInvocationHelper.invokeMethod(MethodInvocationHelper.java:133)
at org.testng.internal.TestInvoker.invokeMethod(TestInvoker.java:598)
at org.testng.internal.TestInvoker.invokeTestMethod(TestInvoker.java:173)
at org.testng.internal.MethodRunner.runInSequence(MethodRunner.java:46)
at org.testng.internal.TestInvoker$MethodInvocationAgent.invoke(TestInvoker.java:824)
at org.testng.internal.TestInvoker.invokeTestMethods(TestInvoker.java:146)
at org.testng.internal.TestMethodWorker.invokeTestMethods(TestMethodWorker.java:146)
at org.testng.internal.TestMethodWorker.run(TestMethodWorker.java:128)
at java.base/java.util.ArrayList.forEach(ArrayList.java:1541)
at org.testng.TestRunner.privateRun(TestRunner.java:794)
at org.testng.TestRunner.run(TestRunner.java:596)
at org.testng.SuiteRunner.runTest(SuiteRunner.java:377)
at org.testng.SuiteRunner.runSequentially(SuiteRunner.java:371)
at org.testng.SuiteRunner.privateRun(SuiteRunner.java:332)
at org.testng.SuiteRunner.run(SuiteRunner.java:276)
at org.testng.SuiteRunnerWorker.runSuite(SuiteRunnerWorker.java:53)
at org.testng.SuiteRunnerWorker.run(SuiteRunnerWorker.java:96)
at org.testng.TestNG.runSuitesSequentially(TestNG.java:1212)
at org.testng.TestNG.runSuitesLocally(TestNG.java:1134)
at org.testng.TestNG.runSuites(TestNG.java:1063)
at org.testng.TestNG.run(TestNG.java:1031)
at org.testng.remote.AbstractRemoteTestNG.run(AbstractRemoteTestNG.java:115)
at org.testng.remote.RemoteTestNG.initAndRun(RemoteTestNG.java:251)
at org.testng.remote.RemoteTestNG.main(RemoteTestNG.java:77)
]]>
            </full-stacktrace>
          </exception> <!-- org.openqa.selenium.NoAlertPresentException -->
          <reporter-output>
          </reporter-output>
        </test-method> <!-- testdata -->
        <test-method is-config="true" signature="verify()[pri:0, instance:SignUp@429bffaa]" started-at="2022-09-19T18:27:19 IST" name="verify" finished-at="2022-09-19T18:27:24 IST" duration-ms="4627" status="PASS">
          <reporter-output>
          </reporter-output>
        </test-method> <!-- verify -->
        <test-method signature="testdata(java.lang.String,java.lang.String,java.lang.String,java.lang.String,java.lang.String,java.lang.String,java.lang.String)[pri:0, instance:SignUp@429bffaa]" started-at="2022-09-19T18:27:24 IST" name="testdata" data-provider="datasets" finished-at="2022-09-19T18:27:25 IST" duration-ms="870" status="PASS">
          <params>
            <param index="0">
              <value>
                <![CDATA[sri]]>
              </value>
            </param>
            <param index="1">
              <value>
                <![CDATA[ram]]>
              </value>
            </param>
            <param index="2">
              <value>
                <![CDATA[sri@gmail.com]]>
              </value>
            </param>
            <param index="3">
              <value>
                <![CDATA[s1@]]>
              </value>
            </param>
            <param index="4">
              <value>
                <![CDATA[12334444555]]>
              </value>
            </param>
            <param index="5">
              <value>
                <![CDATA[05/20/2000]]>
              </value>
            </param>
            <param index="6">
              <value>
                <![CDATA[hai]]>
              </value>
            </param>
          </params>
          <reporter-output>
          </reporter-output>
        </test-method> <!-- testdata -->
        <test-method is-config="true" signature="verify()[pri:0, instance:SignUp@429bffaa]" started-at="2022-09-19T18:27:25 IST" name="verify" finished-at="2022-09-19T18:27:29 IST" duration-ms="4502" status="PASS">
          <reporter-output>
          </reporter-output>
        </test-method> <!-- verify -->
        <test-method signature="testdata(java.lang.String,java.lang.String,java.lang.String,java.lang.String,java.lang.String,java.lang.String,java.lang.String)[pri:0, instance:SignUp@429bffaa]" started-at="2022-09-19T18:27:29 IST" name="testdata" data-provider="datasets" finished-at="2022-09-19T18:27:30 IST" duration-ms="860" status="PASS">
          <params>
            <param index="0">
              <value>
                <![CDATA[sri]]>
              </value>
            </param>
            <param index="1">
              <value>
                <![CDATA[ram]]>
              </value>
            </param>
            <param index="2">
              <value>
                <![CDATA[sri@gmail.com]]>
              </value>
            </param>
            <param index="3">
              <value>
                <![CDATA[s1@wh33h]]>
              </value>
            </param>
            <param index="4">
              <value>
                <![CDATA[12334444555]]>
              </value>
            </param>
            <param index="5">
              <value>
                <![CDATA[05/20/2022]]>
              </value>
            </param>
            <param index="6">
              <value>
                <![CDATA[hai]]>
              </value>
            </param>
          </params>
          <reporter-output>
          </reporter-output>
        </test-method> <!-- testdata -->
        <test-method is-config="true" signature="verify()[pri:0, instance:SignUp@429bffaa]" started-at="2022-09-19T18:27:30 IST" name="verify" finished-at="2022-09-19T18:27:35 IST" duration-ms="4717" status="PASS">
          <reporter-output>
          </reporter-output>
        </test-method> <!-- verify -->
        <test-method signature="testdata(java.lang.String,java.lang.String,java.lang.String,java.lang.String,java.lang.String,java.lang.String,java.lang.String)[pri:0, instance:SignUp@429bffaa]" started-at="2022-09-19T18:27:35 IST" name="testdata" data-provider="datasets" finished-at="2022-09-19T18:27:35 IST" duration-ms="735" status="PASS">
          <params>
            <param index="0">
              <value>
                <![CDATA[sri]]>
              </value>
            </param>
            <param index="1">
              <value>
                <![CDATA[ram]]>
              </value>
            </param>
            <param index="2">
              <value>
                <![CDATA[sri@gmail.com]]>
              </value>
            </param>
            <param index="3">
              <value>
                <![CDATA[s]]>
              </value>
            </param>
            <param index="4">
              <value>
                <![CDATA[12334444555]]>
              </value>
            </param>
            <param index="5">
              <value>
                <![CDATA[05/20/2022]]>
              </value>
            </param>
            <param index="6">
              <value>
                <![CDATA[hai]]>
              </value>
            </param>
          </params>
          <reporter-output>
          </reporter-output>
        </test-method> <!-- testdata -->
        <test-method is-config="true" signature="verify()[pri:0, instance:SignUp@429bffaa]" started-at="2022-09-19T18:27:35 IST" name="verify" finished-at="2022-09-19T18:27:40 IST" duration-ms="4794" status="PASS">
          <reporter-output>
          </reporter-output>
        </test-method> <!-- verify -->
        <test-method signature="testdata(java.lang.String,java.lang.String,java.lang.String,java.lang.String,java.lang.String,java.lang.String,java.lang.String)[pri:0, instance:SignUp@429bffaa]" started-at="2022-09-19T18:27:40 IST" name="testdata" data-provider="datasets" finished-at="2022-09-19T18:27:41 IST" duration-ms="776" status="PASS">
          <params>
            <param index="0">
              <value>
                <![CDATA[sri]]>
              </value>
            </param>
            <param index="1">
              <value>
                <![CDATA[ram]]>
              </value>
            </param>
            <param index="2">
              <value>
                <![CDATA[sri@gmail.com]]>
              </value>
            </param>
            <param index="3">
              <value>
                <![CDATA[s1@aw2@!wssssjjj]]>
              </value>
            </param>
            <param index="4">
              <value>
                <![CDATA[12334444555]]>
              </value>
            </param>
            <param index="5">
              <value>
                <![CDATA[05/20/2022]]>
              </value>
            </param>
            <param index="6">
              <value>
                <![CDATA[hai]]>
              </value>
            </param>
          </params>
          <reporter-output>
          </reporter-output>
        </test-method> <!-- testdata -->
        <test-method is-config="true" signature="verify()[pri:0, instance:SignUp@429bffaa]" started-at="2022-09-19T18:27:41 IST" name="verify" finished-at="2022-09-19T18:27:45 IST" duration-ms="4366" status="PASS">
          <reporter-output>
          </reporter-output>
        </test-method> <!-- verify -->
        <test-method signature="testdata(java.lang.String,java.lang.String,java.lang.String,java.lang.String,java.lang.String,java.lang.String,java.lang.String)[pri:0, instance:SignUp@429bffaa]" started-at="2022-09-19T18:27:45 IST" name="testdata" data-provider="datasets" finished-at="2022-09-19T18:27:46 IST" duration-ms="706" status="PASS">
          <params>
            <param index="0">
              <value>
                <![CDATA[sri]]>
              </value>
            </param>
            <param index="1">
              <value>
                <![CDATA[ram]]>
              </value>
            </param>
            <param index="2">
              <value>
                <![CDATA[sri@gmail.com]]>
              </value>
            </param>
            <param index="3">
              <value>
                <![CDATA[s1@]]>
              </value>
            </param>
            <param index="4">
              <value>
                <![CDATA[12334444555]]>
              </value>
            </param>
            <param index="5">
              <value>
                <![CDATA[05/20/2022]]>
              </value>
            </param>
            <param index="6">
              <value>
                <![CDATA[hai]]>
              </value>
            </param>
          </params>
          <reporter-output>
          </reporter-output>
        </test-method> <!-- testdata -->
        <test-method is-config="true" signature="verify()[pri:0, instance:SignUp@429bffaa]" started-at="2022-09-19T18:27:46 IST" name="verify" finished-at="2022-09-19T18:27:51 IST" duration-ms="4847" status="PASS">
          <reporter-output>
          </reporter-output>
        </test-method> <!-- verify -->
        <test-method signature="testdata(java.lang.String,java.lang.String,java.lang.String,java.lang.String,java.lang.String,java.lang.String,java.lang.String)[pri:0, instance:SignUp@429bffaa]" started-at="2022-09-19T18:27:51 IST" name="testdata" data-provider="datasets" finished-at="2022-09-19T18:27:52 IST" duration-ms="731" status="PASS">
          <params>
            <param index="0">
              <value>
                <![CDATA[sri]]>
              </value>
            </param>
            <param index="1">
              <value>
                <![CDATA[ram]]>
              </value>
            </param>
            <param index="2">
              <value>
                <![CDATA[sri@gmail.com]]>
              </value>
            </param>
            <param index="3">
              <value>
                <![CDATA[s1@]]>
              </value>
            </param>
            <param index="4">
              <value>
                <![CDATA[12334444555]]>
              </value>
            </param>
            <param index="5">
              <value>
                <![CDATA[05/20/2021]]>
              </value>
            </param>
            <param index="6">
              <value>
                <![CDATA[hai]]>
              </value>
            </param>
          </params>
          <reporter-output>
          </reporter-output>
        </test-method> <!-- testdata -->
        <test-method is-config="true" signature="verify()[pri:0, instance:SignUp@429bffaa]" started-at="2022-09-19T18:27:52 IST" name="verify" finished-at="2022-09-19T18:27:56 IST" duration-ms="4434" status="PASS">
          <reporter-output>
          </reporter-output>
        </test-method> <!-- verify -->
        <test-method signature="testdata(java.lang.String,java.lang.String,java.lang.String,java.lang.String,java.lang.String,java.lang.String,java.lang.String)[pri:0, instance:SignUp@429bffaa]" started-at="2022-09-19T18:27:56 IST" name="testdata" data-provider="datasets" finished-at="2022-09-19T18:27:57 IST" duration-ms="747" status="PASS">
          <params>
            <param index="0">
              <value>
                <![CDATA[sri]]>
              </value>
            </param>
            <param index="1">
              <value>
                <![CDATA[ram]]>
              </value>
            </param>
            <param index="2">
              <value>
                <![CDATA[sri@gmail.com]]>
              </value>
            </param>
            <param index="3">
              <value>
                <![CDATA[s1@]]>
              </value>
            </param>
            <param index="4">
              <value>
                <![CDATA[9870915101]]>
              </value>
            </param>
            <param index="5">
              <value>
                <![CDATA[05/20/2022]]>
              </value>
            </param>
            <param index="6">
              <value>
                <![CDATA[hai]]>
              </value>
            </param>
          </params>
          <reporter-output>
          </reporter-output>
        </test-method> <!-- testdata -->
        <test-method is-config="true" signature="verify()[pri:0, instance:SignUp@429bffaa]" started-at="2022-09-19T18:27:57 IST" name="verify" finished-at="2022-09-19T18:28:01 IST" duration-ms="4444" status="PASS">
          <reporter-output>
          </reporter-output>
        </test-method> <!-- verify -->
        <test-method signature="testdata(java.lang.String,java.lang.String,java.lang.String,java.lang.String,java.lang.String,java.lang.String,java.lang.String)[pri:0, instance:SignUp@429bffaa]" started-at="2022-09-19T18:28:01 IST" name="testdata" data-provider="datasets" finished-at="2022-09-19T18:28:02 IST" duration-ms="738" status="PASS">
          <params>
            <param index="0">
              <value>
                <![CDATA[sri]]>
              </value>
            </param>
            <param index="1">
              <value>
                <![CDATA[ram]]>
              </value>
            </param>
            <param index="2">
              <value>
                <![CDATA[sri@gmail.com]]>
              </value>
            </param>
            <param index="3">
              <value>
                <![CDATA[s1@]]>
              </value>
            </param>
            <param index="4">
              <value>
                <![CDATA[12334444555123433]]>
              </value>
            </param>
            <param index="5">
              <value>
                <![CDATA[05/20/2022]]>
              </value>
            </param>
            <param index="6">
              <value>
                <![CDATA[hai]]>
              </value>
            </param>
          </params>
          <reporter-output>
          </reporter-output>
        </test-method> <!-- testdata -->
        <test-method is-config="true" signature="verify()[pri:0, instance:SignUp@429bffaa]" started-at="2022-09-19T18:28:02 IST" name="verify" finished-at="2022-09-19T18:28:06 IST" duration-ms="4422" status="PASS">
          <reporter-output>
          </reporter-output>
        </test-method> <!-- verify -->
        <test-method signature="testdata(java.lang.String,java.lang.String,java.lang.String,java.lang.String,java.lang.String,java.lang.String,java.lang.String)[pri:0, instance:SignUp@429bffaa]" started-at="2022-09-19T18:28:06 IST" name="testdata" data-provider="datasets" finished-at="2022-09-19T18:28:07 IST" duration-ms="710" status="PASS">
          <params>
            <param index="0">
              <value>
                <![CDATA[sri]]>
              </value>
            </param>
            <param index="1">
              <value>
                <![CDATA[ram]]>
              </value>
            </param>
            <param index="2">
              <value>
                <![CDATA[sri@gmail.com]]>
              </value>
            </param>
            <param index="3">
              <value>
                <![CDATA[s1@]]>
              </value>
            </param>
            <param index="4">
              <value>
                <![CDATA[12334$%4555]]>
              </value>
            </param>
            <param index="5">
              <value>
                <![CDATA[]]>
              </value>
            </param>
            <param index="6">
              <value>
                <![CDATA[hai]]>
              </value>
            </param>
          </params>
          <reporter-output>
          </reporter-output>
        </test-method> <!-- testdata -->
      </class> <!-- SignUp -->
    </test> <!-- Default test -->
  </suite> <!-- Default suite -->
</testng-results>
